<?xml version="1.0" encoding="UTF-8"?>
<!-- Generated by org.testng.reporters.JUnitReportReporter -->
<testsuite skipped="0" hostname="LAPTOP-GK3C948U" name="com.may.maven.Facebook" tests="1" failures="0" timestamp="2019-10-28T13:08:25 IST" time="22.710" errors="0">
  <testcase name="facebookLogin" time="22.710" classname="com.may.maven.Facebook"/>
</testsuite> <!-- com.may.maven.Facebook -->
