<?xml version="1.0" encoding="UTF-8"?>
<!-- Generated by org.testng.reporters.JUnitReportReporter -->
<testsuite skipped="0" hostname="LAPTOP-GK3C948U" name="com.may.maven.SecondTest" tests="1" failures="0" timestamp="2020-04-11T19:01:15 IST" time="4.532" errors="0">
  <testcase name="findName" time="4.532" classname="com.may.maven.SecondTest"/>
</testsuite> <!-- com.may.maven.SecondTest -->
