<?xml version="1.0" encoding="UTF-8"?>
<!-- Generated by org.testng.reporters.JUnitReportReporter -->
<testsuite skipped="0" hostname="LAPTOP-GK3C948U" name="com.may.maven.SecondTest" tests="1" failures="0" timestamp="2020-04-11T20:58:56 IST" time="5.441" errors="0">
  <testcase name="findName" time="5.441" classname="com.may.maven.SecondTest"/>
</testsuite> <!-- com.may.maven.SecondTest -->
