<?xml version="1.0" encoding="UTF-8"?>
<!-- Generated by org.testng.reporters.JUnitReportReporter -->
<testsuite skipped="0" hostname="LAPTOP-GK3C948U" name="com.may.maven.Facebook" tests="1" failures="0" timestamp="2020-04-11T20:58:56 IST" time="14.381" errors="0">
  <testcase name="facebookLogin" time="14.381" classname="com.may.maven.Facebook"/>
</testsuite> <!-- com.may.maven.Facebook -->
