<?xml version="1.0" encoding="UTF-8"?>
<!-- Generated by org.testng.reporters.JUnitReportReporter -->
<testsuite skipped="0" hostname="LAPTOP-GK3C948U" name="com.may.maven.Facebook" tests="1" failures="0" timestamp="2020-04-11T19:01:15 IST" time="15.753" errors="0">
  <testcase name="facebookLogin" time="15.753" classname="com.may.maven.Facebook"/>
</testsuite> <!-- com.may.maven.Facebook -->
